Requirement already satisfied: pip in /home/alexey/.pyenv/versions/3.11.9/lib/python3.11/site-packages (26.0.1)
Requirement already satisfied: annotated-types==0.7.0 in /home/alexey/.pyenv/versions/3.11.9/lib/python3.11/site-packages (from -r ci-requirements.txt (line 7)) (0.7.0)
Requirement already satisfied: antlr4-python3-runtime==4.9.3 in /home/alexey/.pyenv/versions/3.11.9/lib/python3.11/site-packages (from -r ci-requirements.txt (line 9)) (4.9.3)
Requirement already satisfied: anyio==4.13.0 in /home/alexey/.pyenv/versions/3.11.9/lib/python3.11/site-packages (from -r ci-requirements.txt (line 11)) (4.13.0)
Requirement already satisfied: build==1.4.2 in /home/alexey/.pyenv/versions/3.11.9/lib/python3.11/site-packages (from -r ci-requirements.txt (line 15)) (1.4.2)
Requirement already satisfied: certifi==2026.2.25 in /home/alexey/.pyenv/versions/3.11.9/lib/python3.11/site-packages (from -r ci-requirements.txt (line 17)) (2026.2.25)
Requirement already satisfied: charset-normalizer==3.4.7 in /home/alexey/.pyenv/versions/3.11.9/lib/python3.11/site-packages (from -r ci-requirements.txt (line 22)) (3.4.7)
Requirement already satisfied: click==8.3.2 in /home/alexey/.pyenv/versions/3.11.9/lib/python3.11/site-packages (from -r ci-requirements.txt (line 24)) (8.3.2)
Requirement already satisfied: coverage==7.13.5 in /home/alexey/.pyenv/versions/3.11.9/lib/python3.11/site-packages (from coverage[toml]==7.13.5->-r ci-requirements.txt (line 29)) (7.13.5)
Requirement already satisfied: fastapi==0.116.1 in /home/alexey/.pyenv/versions/3.11.9/lib/python3.11/site-packages (from -r ci-requirements.txt (line 31)) (0.116.1)
Requirement already satisfied: h11==0.16.0 in /home/alexey/.pyenv/versions/3.11.9/lib/python3.11/site-packages (from -r ci-requirements.txt (line 33)) (0.16.0)
Requirement already satisfied: httpcore==1.0.9 in /home/alexey/.pyenv/versions/3.11.9/lib/python3.11/site-packages (from -r ci-requirements.txt (line 37)) (1.0.9)
Requirement already satisfied: httpx==0.28.1 in /home/alexey/.pyenv/versions/3.11.9/lib/python3.11/site-packages (from -r ci-requirements.txt (line 39)) (0.28.1)
Requirement already satisfied: icalendar==6.3.1 in /home/alexey/.pyenv/versions/3.11.9/lib/python3.11/site-packages (from -r ci-requirements.txt (line 43)) (6.3.1)
Requirement already satisfied: idna==3.11 in /home/alexey/.pyenv/versions/3.11.9/lib/python3.11/site-packages (from -r ci-requirements.txt (line 48)) (3.11)
Requirement already satisfied: iniconfig==2.3.0 in /home/alexey/.pyenv/versions/3.11.9/lib/python3.11/site-packages (from -r ci-requirements.txt (line 53)) (2.3.0)
Requirement already satisfied: omegaconf==2.3.0 in /home/alexey/.pyenv/versions/3.11.9/lib/python3.11/site-packages (from -r ci-requirements.txt (line 55)) (2.3.0)
Requirement already satisfied: packaging==26.0 in /home/alexey/.pyenv/versions/3.11.9/lib/python3.11/site-packages (from -r ci-requirements.txt (line 57)) (26.0)
Requirement already satisfied: pip-tools==7.4.1 in /home/alexey/.pyenv/versions/3.11.9/lib/python3.11/site-packages (from -r ci-requirements.txt (line 61)) (7.4.1)
Requirement already satisfied: pluggy==1.6.0 in /home/alexey/.pyenv/versions/3.11.9/lib/python3.11/site-packages (from -r ci-requirements.txt (line 63)) (1.6.0)
Requirement already satisfied: prometheus-client==0.25.0 in /home/alexey/.pyenv/versions/3.11.9/lib/python3.11/site-packages (from -r ci-requirements.txt (line 65)) (0.25.0)
Requirement already satisfied: pydantic==2.12.5 in /home/alexey/.pyenv/versions/3.11.9/lib/python3.11/site-packages (from -r ci-requirements.txt (line 67)) (2.12.5)
Requirement already satisfied: pydantic-core==2.41.5 in /home/alexey/.pyenv/versions/3.11.9/lib/python3.11/site-packages (from -r ci-requirements.txt (line 71)) (2.41.5)
Requirement already satisfied: pydantic-settings==2.10.1 in /home/alexey/.pyenv/versions/3.11.9/lib/python3.11/site-packages (from -r ci-requirements.txt (line 73)) (2.10.1)
Requirement already satisfied: pyproject-hooks==1.2.0 in /home/alexey/.pyenv/versions/3.11.9/lib/python3.11/site-packages (from -r ci-requirements.txt (line 75)) (1.2.0)
Requirement already satisfied: pytest==8.2.0 in /home/alexey/.pyenv/versions/3.11.9/lib/python3.11/site-packages (from -r ci-requirements.txt (line 79)) (8.2.0)
Requirement already satisfied: pytest-asyncio==1.1.0 in /home/alexey/.pyenv/versions/3.11.9/lib/python3.11/site-packages (from -r ci-requirements.txt (line 85)) (1.1.0)
Requirement already satisfied: pytest-cov==5.0.0 in /home/alexey/.pyenv/versions/3.11.9/lib/python3.11/site-packages (from -r ci-requirements.txt (line 87)) (5.0.0)
Requirement already satisfied: pytest-mock==3.14.1 in /home/alexey/.pyenv/versions/3.11.9/lib/python3.11/site-packages (from -r ci-requirements.txt (line 89)) (3.14.1)
Requirement already satisfied: python-dateutil==2.9.0.post0 in /home/alexey/.pyenv/versions/3.11.9/lib/python3.11/site-packages (from -r ci-requirements.txt (line 91)) (2.9.0.post0)
Requirement already satisfied: python-dotenv==1.2.2 in /home/alexey/.pyenv/versions/3.11.9/lib/python3.11/site-packages (from -r ci-requirements.txt (line 95)) (1.2.2)
Requirement already satisfied: pyyaml==6.0.2 in /home/alexey/.pyenv/versions/3.11.9/lib/python3.11/site-packages (from -r ci-requirements.txt (line 97)) (6.0.2)
Requirement already satisfied: recurring-ical-events==3.8.0 in /home/alexey/.pyenv/versions/3.11.9/lib/python3.11/site-packages (from -r ci-requirements.txt (line 101)) (3.8.0)
Requirement already satisfied: requests==2.33.1 in /home/alexey/.pyenv/versions/3.11.9/lib/python3.11/site-packages (from -r ci-requirements.txt (line 103)) (2.33.1)
Requirement already satisfied: respx==0.22.0 in /home/alexey/.pyenv/versions/3.11.9/lib/python3.11/site-packages (from respx[router]==0.22.0->-r ci-requirements.txt (line 105)) (0.22.0)
Requirement already satisfied: ruff==0.12.4 in /home/alexey/.pyenv/versions/3.11.9/lib/python3.11/site-packages (from -r ci-requirements.txt (line 107)) (0.12.4)
Requirement already satisfied: six==1.17.0 in /home/alexey/.pyenv/versions/3.11.9/lib/python3.11/site-packages (from -r ci-requirements.txt (line 109)) (1.17.0)
Requirement already satisfied: starlette==0.47.3 in /home/alexey/.pyenv/versions/3.11.9/lib/python3.11/site-packages (from -r ci-requirements.txt (line 111)) (0.47.3)
Requirement already satisfied: tenacity==9.1.2 in /home/alexey/.pyenv/versions/3.11.9/lib/python3.11/site-packages (from -r ci-requirements.txt (line 113)) (9.1.2)
Requirement already satisfied: typing-extensions==4.15.0 in /home/alexey/.pyenv/versions/3.11.9/lib/python3.11/site-packages (from -r ci-requirements.txt (line 115)) (4.15.0)
Requirement already satisfied: typing-inspection==0.4.2 in /home/alexey/.pyenv/versions/3.11.9/lib/python3.11/site-packages (from -r ci-requirements.txt (line 123)) (0.4.2)
Requirement already satisfied: tzdata==2026.1 in /home/alexey/.pyenv/versions/3.11.9/lib/python3.11/site-packages (from -r ci-requirements.txt (line 127)) (2026.1)
Requirement already satisfied: urllib3==2.6.3 in /home/alexey/.pyenv/versions/3.11.9/lib/python3.11/site-packages (from -r ci-requirements.txt (line 132)) (2.6.3)
Requirement already satisfied: uvicorn==0.35.0 in /home/alexey/.pyenv/versions/3.11.9/lib/python3.11/site-packages (from -r ci-requirements.txt (line 134)) (0.35.0)
Requirement already satisfied: wheel==0.45.1 in /home/alexey/.pyenv/versions/3.11.9/lib/python3.11/site-packages (from -r ci-requirements.txt (line 136)) (0.45.1)
Requirement already satisfied: x-wr-timezone==2.0.1 in /home/alexey/.pyenv/versions/3.11.9/lib/python3.11/site-packages (from -r ci-requirements.txt (line 140)) (2.0.1)
Requirement already satisfied: pip>=22.2 in /home/alexey/.pyenv/versions/3.11.9/lib/python3.11/site-packages (from pip-tools==7.4.1->-r ci-requirements.txt (line 61)) (26.0.1)
Requirement already satisfied: setuptools in /home/alexey/.pyenv/versions/3.11.9/lib/python3.11/site-packages (from pip-tools==7.4.1->-r ci-requirements.txt (line 61)) (82.0.0)
WARNING: respx 0.22.0 does not provide the extra 'router'
Obtaining file:///home/alexey/LAN_Transcriber
  Installing build dependencies: started
  Installing build dependencies: finished with status 'done'
  Checking if build backend supports build_editable: started
  Checking if build backend supports build_editable: finished with status 'done'
  Getting requirements to build editable: started
  Getting requirements to build editable: finished with status 'done'
  Preparing editable metadata (pyproject.toml): started
  Preparing editable metadata (pyproject.toml): finished with status 'done'
Requirement already satisfied: httpx in /home/alexey/.pyenv/versions/3.11.9/lib/python3.11/site-packages (from lan-transcriber==0.1.0) (0.28.1)
Requirement already satisfied: tenacity in /home/alexey/.pyenv/versions/3.11.9/lib/python3.11/site-packages (from lan-transcriber==0.1.0) (9.1.2)
Requirement already satisfied: prometheus_client>=0.19.0 in /home/alexey/.pyenv/versions/3.11.9/lib/python3.11/site-packages (from lan-transcriber==0.1.0) (0.25.0)
Requirement already satisfied: anyio in /home/alexey/.pyenv/versions/3.11.9/lib/python3.11/site-packages (from lan-transcriber==0.1.0) (4.13.0)
Requirement already satisfied: fastapi in /home/alexey/.pyenv/versions/3.11.9/lib/python3.11/site-packages (from lan-transcriber==0.1.0) (0.116.1)
Requirement already satisfied: jinja2 in /home/alexey/.pyenv/versions/3.11.9/lib/python3.11/site-packages (from lan-transcriber==0.1.0) (3.1.6)
Requirement already satisfied: python-multipart in /home/alexey/.pyenv/versions/3.11.9/lib/python3.11/site-packages (from lan-transcriber==0.1.0) (0.0.22)
Requirement already satisfied: redis in /home/alexey/.pyenv/versions/3.11.9/lib/python3.11/site-packages (from lan-transcriber==0.1.0) (7.2.0)
Requirement already satisfied: rq in /home/alexey/.pyenv/versions/3.11.9/lib/python3.11/site-packages (from lan-transcriber==0.1.0) (2.6.1)
Requirement already satisfied: pyyaml in /home/alexey/.pyenv/versions/3.11.9/lib/python3.11/site-packages (from lan-transcriber==0.1.0) (6.0.2)
Requirement already satisfied: pydantic-settings in /home/alexey/.pyenv/versions/3.11.9/lib/python3.11/site-packages (from lan-transcriber==0.1.0) (2.10.1)
Requirement already satisfied: rapidfuzz in /home/alexey/.pyenv/versions/3.11.9/lib/python3.11/site-packages (from lan-transcriber==0.1.0) (3.14.3)
Requirement already satisfied: icalendar>=6.0 in /home/alexey/.pyenv/versions/3.11.9/lib/python3.11/site-packages (from lan-transcriber==0.1.0) (6.3.1)
Requirement already satisfied: recurring-ical-events>=3.6 in /home/alexey/.pyenv/versions/3.11.9/lib/python3.11/site-packages (from lan-transcriber==0.1.0) (3.8.0)
Requirement already satisfied: pytest in /home/alexey/.pyenv/versions/3.11.9/lib/python3.11/site-packages (from lan-transcriber==0.1.0) (8.2.0)
Requirement already satisfied: pytest-asyncio in /home/alexey/.pyenv/versions/3.11.9/lib/python3.11/site-packages (from lan-transcriber==0.1.0) (1.1.0)
Requirement already satisfied: pytest-cov in /home/alexey/.pyenv/versions/3.11.9/lib/python3.11/site-packages (from lan-transcriber==0.1.0) (5.0.0)
Requirement already satisfied: pytest-mock in /home/alexey/.pyenv/versions/3.11.9/lib/python3.11/site-packages (from lan-transcriber==0.1.0) (3.14.1)
Requirement already satisfied: respx[router] in /home/alexey/.pyenv/versions/3.11.9/lib/python3.11/site-packages (from lan-transcriber==0.1.0) (0.22.0)
Requirement already satisfied: python-dateutil in /home/alexey/.pyenv/versions/3.11.9/lib/python3.11/site-packages (from icalendar>=6.0->lan-transcriber==0.1.0) (2.9.0.post0)
Requirement already satisfied: tzdata in /home/alexey/.pyenv/versions/3.11.9/lib/python3.11/site-packages (from icalendar>=6.0->lan-transcriber==0.1.0) (2026.1)
Requirement already satisfied: x-wr-timezone<3.0.0,>=1.0.0 in /home/alexey/.pyenv/versions/3.11.9/lib/python3.11/site-packages (from recurring-ical-events>=3.6->lan-transcriber==0.1.0) (2.0.1)
Requirement already satisfied: six>=1.5 in /home/alexey/.pyenv/versions/3.11.9/lib/python3.11/site-packages (from python-dateutil->icalendar>=6.0->lan-transcriber==0.1.0) (1.17.0)
Requirement already satisfied: click in /home/alexey/.pyenv/versions/3.11.9/lib/python3.11/site-packages (from x-wr-timezone<3.0.0,>=1.0.0->recurring-ical-events>=3.6->lan-transcriber==0.1.0) (8.3.2)
Requirement already satisfied: idna>=2.8 in /home/alexey/.pyenv/versions/3.11.9/lib/python3.11/site-packages (from anyio->lan-transcriber==0.1.0) (3.11)
Requirement already satisfied: typing_extensions>=4.5 in /home/alexey/.pyenv/versions/3.11.9/lib/python3.11/site-packages (from anyio->lan-transcriber==0.1.0) (4.15.0)
Requirement already satisfied: starlette<0.48.0,>=0.40.0 in /home/alexey/.pyenv/versions/3.11.9/lib/python3.11/site-packages (from fastapi->lan-transcriber==0.1.0) (0.47.3)
Requirement already satisfied: pydantic!=1.8,!=1.8.1,!=2.0.0,!=2.0.1,!=2.1.0,<3.0.0,>=1.7.4 in /home/alexey/.pyenv/versions/3.11.9/lib/python3.11/site-packages (from fastapi->lan-transcriber==0.1.0) (2.12.5)
Requirement already satisfied: annotated-types>=0.6.0 in /home/alexey/.pyenv/versions/3.11.9/lib/python3.11/site-packages (from pydantic!=1.8,!=1.8.1,!=2.0.0,!=2.0.1,!=2.1.0,<3.0.0,>=1.7.4->fastapi->lan-transcriber==0.1.0) (0.7.0)
Requirement already satisfied: pydantic-core==2.41.5 in /home/alexey/.pyenv/versions/3.11.9/lib/python3.11/site-packages (from pydantic!=1.8,!=1.8.1,!=2.0.0,!=2.0.1,!=2.1.0,<3.0.0,>=1.7.4->fastapi->lan-transcriber==0.1.0) (2.41.5)
Requirement already satisfied: typing-inspection>=0.4.2 in /home/alexey/.pyenv/versions/3.11.9/lib/python3.11/site-packages (from pydantic!=1.8,!=1.8.1,!=2.0.0,!=2.0.1,!=2.1.0,<3.0.0,>=1.7.4->fastapi->lan-transcriber==0.1.0) (0.4.2)
Requirement already satisfied: certifi in /home/alexey/.pyenv/versions/3.11.9/lib/python3.11/site-packages (from httpx->lan-transcriber==0.1.0) (2026.2.25)
Requirement already satisfied: httpcore==1.* in /home/alexey/.pyenv/versions/3.11.9/lib/python3.11/site-packages (from httpx->lan-transcriber==0.1.0) (1.0.9)
Requirement already satisfied: h11>=0.16 in /home/alexey/.pyenv/versions/3.11.9/lib/python3.11/site-packages (from httpcore==1.*->httpx->lan-transcriber==0.1.0) (0.16.0)
Requirement already satisfied: MarkupSafe>=2.0 in /home/alexey/.pyenv/versions/3.11.9/lib/python3.11/site-packages (from jinja2->lan-transcriber==0.1.0) (3.0.3)
Requirement already satisfied: python-dotenv>=0.21.0 in /home/alexey/.pyenv/versions/3.11.9/lib/python3.11/site-packages (from pydantic-settings->lan-transcriber==0.1.0) (1.2.2)
Requirement already satisfied: iniconfig in /home/alexey/.pyenv/versions/3.11.9/lib/python3.11/site-packages (from pytest->lan-transcriber==0.1.0) (2.3.0)
Requirement already satisfied: packaging in /home/alexey/.pyenv/versions/3.11.9/lib/python3.11/site-packages (from pytest->lan-transcriber==0.1.0) (26.0)
Requirement already satisfied: pluggy<2.0,>=1.5 in /home/alexey/.pyenv/versions/3.11.9/lib/python3.11/site-packages (from pytest->lan-transcriber==0.1.0) (1.6.0)
Requirement already satisfied: coverage>=5.2.1 in /home/alexey/.pyenv/versions/3.11.9/lib/python3.11/site-packages (from coverage[toml]>=5.2.1->pytest-cov->lan-transcriber==0.1.0) (7.13.5)
WARNING: respx 0.22.0 does not provide the extra 'router'
Requirement already satisfied: croniter in /home/alexey/.pyenv/versions/3.11.9/lib/python3.11/site-packages (from rq->lan-transcriber==0.1.0) (6.0.0)
Requirement already satisfied: pytz>2021.1 in /home/alexey/.pyenv/versions/3.11.9/lib/python3.11/site-packages (from croniter->rq->lan-transcriber==0.1.0) (2025.2)
Building wheels for collected packages: lan-transcriber
  Building editable for lan-transcriber (pyproject.toml): started
  Building editable for lan-transcriber (pyproject.toml): finished with status 'done'
  Created wheel for lan-transcriber: filename=lan_transcriber-0.1.0-0.editable-py3-none-any.whl size=15462 sha256=579e9320a17af2ecf048795b3ef018c42bacc4ef2ecb4e3f5c368573ba6dd2dd
  Stored in directory: /tmp/pip-ephem-wheel-cache-v55duzlo/wheels/3c/34/21/7d1a99d2a9e86cdb0d7c14d1c0d7dc5a97e0d170dff3df8fb1
Successfully built lan-transcriber
Installing collected packages: lan-transcriber
  Attempting uninstall: lan-transcriber
    Found existing installation: lan-transcriber 0.1.0
    Uninstalling lan-transcriber-0.1.0:
      Successfully uninstalled lan-transcriber-0.1.0
Successfully installed lan-transcriber-0.1.0
No broken requirements found.
All checks passed!
/home/alexey/.pyenv/versions/3.11.9/lib/python3.11/site-packages/pytest_asyncio/plugin.py:211: PytestDeprecationWarning: The configuration option "asyncio_default_fixture_loop_scope" is unset.
The event loop scope for asynchronous fixtures will default to the fixture caching scope. Future versions of pytest-asyncio will default the loop scope for asynchronous fixtures to function scope. Set the default fixture loop scope explicitly in order to avoid unexpected behavior in the future. Valid fixture loop scopes are: "function", "class", "module", "package", "session"

  warnings.warn(PytestDeprecationWarning(_DEFAULT_FIXTURE_LOOP_SCOPE_UNSET))
........................................................................ [  6%]
........................................................................ [ 13%]
........................................................................ [ 20%]
........................................................................ [ 27%]
........................................................................ [ 34%]
........................................................................ [ 40%]
........................................................................ [ 47%]
........................................................................ [ 54%]
........................................................................ [ 61%]
........................................................................ [ 68%]
.............................